2018-04-24 05:29:42 | [INFO]    | Discordia 2.2.0
2018-04-24 05:29:42 | [INFO]    | Connecting to Discord...
2018-04-24 05:29:43 | [ERROR]   | 401 - UNAUTHORIZED : GET https://discordapp.com/api/v7/users/@me
2018-04-24 05:29:43 | [ERROR]   | Could not authenticate, check token: HTTP Error 0 : 401: Unauthorized
2018-04-24 05:29:59 | [INFO]    | Discordia 2.2.0
2018-04-24 05:29:59 | [INFO]    | Connecting to Discord...
2018-04-24 05:29:59 | [ERROR]   | 401 - UNAUTHORIZED : GET https://discordapp.com/api/v7/users/@me
2018-04-24 05:29:59 | [ERROR]   | Could not authenticate, check token: HTTP Error 0 : 401: Unauthorized
2018-04-24 05:33:01 | [INFO]    | Discordia 2.2.0
2018-04-24 05:33:01 | [INFO]    | Connecting to Discord...
2018-04-24 05:33:01 | [INFO]    | Authenticated as The People's Bot#2046
2018-04-24 05:33:01 | [INFO]    | Launching shard 0 (1 out of 1)...
2018-04-24 05:33:02 | [INFO]    | Shard 0 : Connected to wss://gateway.discord.gg
2018-04-24 05:33:02 | [INFO]    | Shard 0 : Received HELLO (gateway-prd-main-68rl)
2018-04-24 05:33:02 | [INFO]    | Shard 0 : Received READY (gateway-prd-main-68rl, discord-sessions-prd-1-19)
2018-04-24 05:36:10 | [INFO]    | Discordia 2.2.0
2018-04-24 05:36:10 | [INFO]    | Connecting to Discord...
2018-04-24 05:36:11 | [INFO]    | Authenticated as The People's Bot#2046
2018-04-24 05:36:11 | [INFO]    | Launching shard 0 (1 out of 1)...
2018-04-24 05:36:11 | [INFO]    | Shard 0 : Connected to wss://gateway.discord.gg
2018-04-24 05:36:11 | [INFO]    | Shard 0 : Received HELLO (gateway-prd-main-n3b7)
2018-04-24 05:36:11 | [INFO]    | Shard 0 : Received READY (gateway-prd-main-n3b7, discord-sessions-prd-1-16)
2018-04-24 05:37:05 | [INFO]    | Discordia 2.2.0
2018-04-24 05:37:05 | [INFO]    | Connecting to Discord...
2018-04-24 05:37:05 | [INFO]    | Authenticated as The People's Bot#2046
2018-04-24 05:37:05 | [INFO]    | Launching shard 0 (1 out of 1)...
2018-04-24 05:37:06 | [INFO]    | Shard 0 : Connected to wss://gateway.discord.gg
2018-04-24 05:37:06 | [INFO]    | Shard 0 : Received HELLO (gateway-prd-main-3jq1)
2018-04-24 05:37:06 | [INFO]    | Shard 0 : Received READY (gateway-prd-main-3jq1, discord-sessions-prd-1-10)
2018-04-24 05:37:38 | [INFO]    | Discordia 2.2.0
2018-04-24 05:37:38 | [INFO]    | Connecting to Discord...
2018-04-24 05:37:38 | [INFO]    | Authenticated as The People's Bot#2046
2018-04-24 05:37:38 | [INFO]    | Launching shard 0 (1 out of 1)...
2018-04-24 05:37:38 | [INFO]    | Shard 0 : Connected to wss://gateway.discord.gg
2018-04-24 05:37:38 | [INFO]    | Shard 0 : Received HELLO (gateway-prd-main-gngd)
2018-04-24 05:37:38 | [INFO]    | Shard 0 : Received READY (gateway-prd-main-gngd, discord-sessions-prd-1-17)
2018-04-24 05:38:57 | [INFO]    | Discordia 2.2.0
2018-04-24 05:38:57 | [INFO]    | Connecting to Discord...
2018-04-24 05:38:58 | [INFO]    | Authenticated as The People's Bot#2046
2018-04-24 05:38:58 | [INFO]    | Launching shard 0 (1 out of 1)...
2018-04-24 05:38:58 | [INFO]    | Shard 0 : Connected to wss://gateway.discord.gg
2018-04-24 05:38:58 | [INFO]    | Shard 0 : Received HELLO (gateway-prd-main-dlcf)
2018-04-24 05:38:58 | [INFO]    | Shard 0 : Received READY (gateway-prd-main-dlcf, discord-sessions-prd-1-2)
2018-04-24 05:39:48 | [INFO]    | Discordia 2.2.0
2018-04-24 05:39:48 | [INFO]    | Connecting to Discord...
2018-04-24 05:39:48 | [INFO]    | Authenticated as The People's Bot#2046
2018-04-24 05:39:48 | [INFO]    | Launching shard 0 (1 out of 1)...
2018-04-24 05:39:49 | [INFO]    | Shard 0 : Connected to wss://gateway.discord.gg
2018-04-24 05:39:49 | [INFO]    | Shard 0 : Received HELLO (gateway-prd-main-n3b7)
2018-04-24 05:39:49 | [INFO]    | Shard 0 : Received READY (gateway-prd-main-n3b7, discord-sessions-prd-1-18)
2018-04-24 05:43:28 | [INFO]    | Discordia 2.2.0
2018-04-24 05:43:28 | [INFO]    | Connecting to Discord...
2018-04-24 05:43:28 | [INFO]    | Authenticated as The People's Bot#2046
2018-04-24 05:43:28 | [INFO]    | Launching shard 0 (1 out of 1)...
2018-04-24 05:43:29 | [INFO]    | Shard 0 : Connected to wss://gateway.discord.gg
2018-04-24 05:43:29 | [INFO]    | Shard 0 : Received HELLO (gateway-prd-main-96w0)
2018-04-24 05:43:29 | [INFO]    | Shard 0 : Received READY (gateway-prd-main-96w0, discord-sessions-prd-1-7)
2018-04-24 05:47:19 | [INFO]    | Discordia 2.2.0
2018-04-24 05:47:19 | [INFO]    | Connecting to Discord...
2018-04-24 05:47:19 | [INFO]    | Authenticated as The People's Bot#2046
2018-04-24 05:47:19 | [INFO]    | Launching shard 0 (1 out of 1)...
2018-04-24 05:47:19 | [INFO]    | Shard 0 : Connected to wss://gateway.discord.gg
2018-04-24 05:47:19 | [INFO]    | Shard 0 : Received HELLO (gateway-prd-main-wv81)
2018-04-24 05:47:19 | [INFO]    | Shard 0 : Received READY (gateway-prd-main-wv81, discord-sessions-prd-1-18)
2018-04-24 05:48:08 | [INFO]    | Discordia 2.2.0
2018-04-24 05:48:08 | [INFO]    | Connecting to Discord...
2018-04-24 05:48:09 | [INFO]    | Authenticated as The People's Bot#2046
2018-04-24 05:48:09 | [INFO]    | Launching shard 0 (1 out of 1)...
2018-04-24 05:48:09 | [INFO]    | Shard 0 : Connected to wss://gateway.discord.gg
2018-04-24 05:48:09 | [INFO]    | Shard 0 : Received HELLO (gateway-prd-main-td55)
2018-04-24 05:48:09 | [INFO]    | Shard 0 : Received READY (gateway-prd-main-td55, discord-sessions-prd-1-19)
2018-04-24 05:48:39 | [INFO]    | Discordia 2.2.0
2018-04-24 05:48:39 | [INFO]    | Connecting to Discord...
2018-04-24 05:48:40 | [INFO]    | Authenticated as The People's Bot#2046
2018-04-24 05:48:40 | [INFO]    | Launching shard 0 (1 out of 1)...
2018-04-24 05:48:40 | [INFO]    | Shard 0 : Connected to wss://gateway.discord.gg
2018-04-24 05:48:40 | [INFO]    | Shard 0 : Received HELLO (gateway-prd-main-7st0)
2018-04-24 05:48:40 | [INFO]    | Shard 0 : Received READY (gateway-prd-main-7st0, discord-sessions-prd-1-12)
2018-04-24 05:49:05 | [INFO]    | Discordia 2.2.0
2018-04-24 05:49:05 | [INFO]    | Connecting to Discord...
2018-04-24 05:49:05 | [INFO]    | Authenticated as The People's Bot#2046
2018-04-24 05:49:05 | [INFO]    | Launching shard 0 (1 out of 1)...
2018-04-24 05:49:05 | [INFO]    | Shard 0 : Connected to wss://gateway.discord.gg
2018-04-24 05:49:05 | [INFO]    | Shard 0 : Received HELLO (gateway-prd-main-87qx)
2018-04-24 05:49:05 | [INFO]    | Shard 0 : Received READY (gateway-prd-main-87qx, discord-sessions-prd-1-16)
2018-04-24 05:51:40 | [INFO]    | Discordia 2.2.0
2018-04-24 05:51:40 | [INFO]    | Connecting to Discord...
2018-04-24 05:51:41 | [INFO]    | Authenticated as The People's Bot#2046
2018-04-24 05:51:41 | [INFO]    | Launching shard 0 (1 out of 1)...
2018-04-24 05:51:41 | [INFO]    | Shard 0 : Connected to wss://gateway.discord.gg
2018-04-24 05:51:41 | [INFO]    | Shard 0 : Received HELLO (gateway-prd-main-srg7)
2018-04-24 05:51:41 | [INFO]    | Shard 0 : Received READY (gateway-prd-main-srg7, discord-sessions-prd-1-14)
2018-04-24 05:52:06 | [INFO]    | Discordia 2.2.0
2018-04-24 05:52:07 | [INFO]    | Connecting to Discord...
2018-04-24 05:52:07 | [INFO]    | Authenticated as The People's Bot#2046
2018-04-24 05:52:07 | [INFO]    | Launching shard 0 (1 out of 1)...
2018-04-24 05:52:07 | [INFO]    | Shard 0 : Connected to wss://gateway.discord.gg
2018-04-24 05:52:07 | [INFO]    | Shard 0 : Received HELLO (gateway-prd-main-k05l)
2018-04-24 05:52:07 | [INFO]    | Shard 0 : Received READY (gateway-prd-main-k05l, discord-sessions-prd-1-14)
2018-04-24 05:55:42 | [INFO]    | Discordia 2.2.0
2018-04-24 05:55:42 | [INFO]    | Connecting to Discord...
2018-04-24 05:55:42 | [INFO]    | Authenticated as The People's Bot#2046
2018-04-24 05:55:42 | [INFO]    | Launching shard 0 (1 out of 1)...
2018-04-24 05:55:43 | [INFO]    | Shard 0 : Connected to wss://gateway.discord.gg
2018-04-24 05:55:43 | [INFO]    | Shard 0 : Received HELLO (gateway-prd-main-cbl7)
2018-04-24 05:55:43 | [INFO]    | Shard 0 : Received READY (gateway-prd-main-cbl7, discord-sessions-prd-1-2)
2018-04-24 05:56:02 | [INFO]    | Discordia 2.2.0
2018-04-24 05:56:02 | [INFO]    | Connecting to Discord...
2018-04-24 05:56:02 | [INFO]    | Authenticated as The People's Bot#2046
2018-04-24 05:56:02 | [INFO]    | Launching shard 0 (1 out of 1)...
2018-04-24 05:56:02 | [INFO]    | Shard 0 : Connected to wss://gateway.discord.gg
2018-04-24 05:56:02 | [INFO]    | Shard 0 : Received HELLO (gateway-prd-main-vxkk)
2018-04-24 05:56:02 | [INFO]    | Shard 0 : Received READY (gateway-prd-main-vxkk, discord-sessions-prd-1-16)
2018-04-24 05:56:39 | [INFO]    | Discordia 2.2.0
2018-04-24 05:56:39 | [INFO]    | Connecting to Discord...
2018-04-24 05:56:40 | [INFO]    | Authenticated as The People's Bot#2046
2018-04-24 05:56:40 | [INFO]    | Launching shard 0 (1 out of 1)...
2018-04-24 05:56:40 | [INFO]    | Shard 0 : Connected to wss://gateway.discord.gg
2018-04-24 05:56:40 | [INFO]    | Shard 0 : Received HELLO (gateway-prd-main-1476)
2018-04-24 05:56:40 | [INFO]    | Shard 0 : Received READY (gateway-prd-main-1476, discord-sessions-prd-1-6)
2018-04-24 05:56:56 | [INFO]    | Discordia 2.2.0
2018-04-24 05:56:56 | [INFO]    | Connecting to Discord...
2018-04-24 05:56:56 | [INFO]    | Authenticated as The People's Bot#2046
2018-04-24 05:56:56 | [INFO]    | Launching shard 0 (1 out of 1)...
2018-04-24 05:56:56 | [INFO]    | Shard 0 : Connected to wss://gateway.discord.gg
2018-04-24 05:56:56 | [INFO]    | Shard 0 : Received HELLO (gateway-prd-main-306h)
2018-04-24 05:56:56 | [INFO]    | Shard 0 : Received READY (gateway-prd-main-306h, discord-sessions-prd-1-13)
2018-04-24 06:08:44 | [INFO]    | Discordia 2.2.0
2018-04-24 06:08:44 | [INFO]    | Connecting to Discord...
2018-04-24 06:08:45 | [INFO]    | Authenticated as The People's Bot#2046
2018-04-24 06:08:45 | [INFO]    | Launching shard 0 (1 out of 1)...
2018-04-24 06:08:45 | [INFO]    | Shard 0 : Connected to wss://gateway.discord.gg
2018-04-24 06:08:45 | [INFO]    | Shard 0 : Received HELLO (gateway-prd-main-7gn1)
2018-04-24 06:08:45 | [INFO]    | Shard 0 : Received READY (gateway-prd-main-7gn1, discord-sessions-prd-1-8)
2018-04-24 06:10:12 | [INFO]    | Discordia 2.2.0
2018-04-24 06:10:12 | [INFO]    | Connecting to Discord...
2018-04-24 06:10:12 | [INFO]    | Authenticated as The People's Bot#2046
2018-04-24 06:10:12 | [INFO]    | Launching shard 0 (1 out of 1)...
2018-04-24 06:10:13 | [INFO]    | Shard 0 : Connected to wss://gateway.discord.gg
2018-04-24 06:10:13 | [INFO]    | Shard 0 : Received HELLO (gateway-prd-main-r6l6)
2018-04-24 06:10:13 | [INFO]    | Shard 0 : Received READY (gateway-prd-main-r6l6, discord-sessions-prd-1-2)
2018-04-24 06:11:11 | [INFO]    | Discordia 2.2.0
2018-04-24 06:11:11 | [INFO]    | Connecting to Discord...
2018-04-24 06:11:11 | [INFO]    | Authenticated as The People's Bot#2046
2018-04-24 06:11:11 | [INFO]    | Launching shard 0 (1 out of 1)...
2018-04-24 06:11:11 | [INFO]    | Shard 0 : Connected to wss://gateway.discord.gg
2018-04-24 06:11:11 | [INFO]    | Shard 0 : Received HELLO (gateway-prd-main-kp9r)
2018-04-24 06:11:11 | [INFO]    | Shard 0 : Received READY (gateway-prd-main-kp9r, discord-sessions-prd-1-19)
2018-04-24 06:12:04 | [INFO]    | Discordia 2.2.0
2018-04-24 06:12:04 | [INFO]    | Connecting to Discord...
2018-04-24 06:12:05 | [INFO]    | Authenticated as The People's Bot#2046
2018-04-24 06:12:05 | [INFO]    | Launching shard 0 (1 out of 1)...
2018-04-24 06:12:05 | [INFO]    | Shard 0 : Connected to wss://gateway.discord.gg
2018-04-24 06:12:05 | [INFO]    | Shard 0 : Received HELLO (gateway-prd-main-gb45)
2018-04-24 06:12:05 | [INFO]    | Shard 0 : Received READY (gateway-prd-main-gb45, discord-sessions-prd-1-9)
2018-04-24 06:12:43 | [INFO]    | Discordia 2.2.0
2018-04-24 06:12:43 | [INFO]    | Connecting to Discord...
2018-04-24 06:12:44 | [INFO]    | Authenticated as The People's Bot#2046
2018-04-24 06:12:44 | [INFO]    | Launching shard 0 (1 out of 1)...
2018-04-24 06:12:44 | [INFO]    | Shard 0 : Connected to wss://gateway.discord.gg
2018-04-24 06:12:44 | [INFO]    | Shard 0 : Received HELLO (gateway-prd-main-2840)
2018-04-24 06:12:44 | [INFO]    | Shard 0 : Received READY (gateway-prd-main-2840, discord-sessions-prd-1-12)
2018-04-24 06:12:47 | [ERROR]   | 400 - BAD REQUEST : POST https://discordapp.com/api/v7/channels/438286329365921795/messages
2018-04-24 06:13:07 | [INFO]    | Discordia 2.2.0
2018-04-24 06:13:07 | [INFO]    | Connecting to Discord...
2018-04-24 06:13:08 | [INFO]    | Authenticated as The People's Bot#2046
2018-04-24 06:13:08 | [INFO]    | Launching shard 0 (1 out of 1)...
2018-04-24 06:13:08 | [INFO]    | Shard 0 : Connected to wss://gateway.discord.gg
2018-04-24 06:13:08 | [INFO]    | Shard 0 : Received HELLO (gateway-prd-main-1tgc)
2018-04-24 06:13:08 | [INFO]    | Shard 0 : Received READY (gateway-prd-main-1tgc, discord-sessions-prd-1-19)
2018-04-24 06:13:11 | [ERROR]   | 400 - BAD REQUEST : POST https://discordapp.com/api/v7/channels/438286329365921795/messages
2018-04-24 06:13:32 | [INFO]    | Discordia 2.2.0
2018-04-24 06:13:32 | [INFO]    | Connecting to Discord...
2018-04-24 06:13:32 | [INFO]    | Authenticated as The People's Bot#2046
2018-04-24 06:13:32 | [INFO]    | Launching shard 0 (1 out of 1)...
2018-04-24 06:13:33 | [INFO]    | Shard 0 : Connected to wss://gateway.discord.gg
2018-04-24 06:13:33 | [INFO]    | Shard 0 : Received HELLO (gateway-prd-main-wv81)
2018-04-24 06:13:33 | [INFO]    | Shard 0 : Received READY (gateway-prd-main-wv81, discord-sessions-prd-1-14)
2018-04-24 06:13:35 | [ERROR]   | 400 - BAD REQUEST : POST https://discordapp.com/api/v7/channels/438286329365921795/messages
2018-04-24 06:14:16 | [INFO]    | Discordia 2.2.0
2018-04-24 06:14:16 | [INFO]    | Connecting to Discord...
2018-04-24 06:14:16 | [INFO]    | Authenticated as The People's Bot#2046
2018-04-24 06:14:16 | [INFO]    | Launching shard 0 (1 out of 1)...
2018-04-24 06:14:16 | [INFO]    | Shard 0 : Connected to wss://gateway.discord.gg
2018-04-24 06:14:16 | [INFO]    | Shard 0 : Received HELLO (gateway-prd-main-n3b7)
2018-04-24 06:14:16 | [INFO]    | Shard 0 : Received READY (gateway-prd-main-n3b7, discord-sessions-prd-1-15)
2018-04-24 06:14:29 | [INFO]    | Discordia 2.2.0
2018-04-24 06:14:29 | [INFO]    | Connecting to Discord...
2018-04-24 06:14:29 | [INFO]    | Authenticated as The People's Bot#2046
2018-04-24 06:14:29 | [INFO]    | Launching shard 0 (1 out of 1)...
2018-04-24 06:14:29 | [INFO]    | Shard 0 : Connected to wss://gateway.discord.gg
2018-04-24 06:14:29 | [INFO]    | Shard 0 : Received HELLO (gateway-prd-main-nx9n)
2018-04-24 06:14:30 | [INFO]    | Shard 0 : Received READY (gateway-prd-main-nx9n, discord-sessions-prd-1-2)
2018-04-24 06:15:13 | [INFO]    | Discordia 2.2.0
2018-04-24 06:15:13 | [INFO]    | Connecting to Discord...
2018-04-24 06:15:13 | [INFO]    | Authenticated as The People's Bot#2046
2018-04-24 06:15:13 | [INFO]    | Launching shard 0 (1 out of 1)...
2018-04-24 06:15:13 | [INFO]    | Shard 0 : Connected to wss://gateway.discord.gg
2018-04-24 06:15:13 | [INFO]    | Shard 0 : Received HELLO (gateway-prd-main-pwt8)
2018-04-24 06:15:14 | [INFO]    | Shard 0 : Received READY (gateway-prd-main-pwt8, discord-sessions-prd-1-19)
2018-04-24 06:19:53 | [INFO]    | Discordia 2.2.0
2018-04-24 06:19:53 | [INFO]    | Connecting to Discord...
2018-04-24 06:19:54 | [INFO]    | Authenticated as The People's Bot#2046
2018-04-24 06:19:54 | [INFO]    | Launching shard 0 (1 out of 1)...
2018-04-24 06:19:54 | [INFO]    | Shard 0 : Connected to wss://gateway.discord.gg
2018-04-24 06:19:54 | [INFO]    | Shard 0 : Received HELLO (gateway-prd-main-gngd)
2018-04-24 06:19:54 | [INFO]    | Shard 0 : Received READY (gateway-prd-main-gngd, discord-sessions-prd-1-13)
2018-04-24 06:19:57 | [ERROR]   | 400 - BAD REQUEST : POST https://discordapp.com/api/v7/channels/438286329365921795/messages
2018-04-24 06:21:08 | [INFO]    | Discordia 2.2.0
2018-04-24 06:21:08 | [INFO]    | Connecting to Discord...
2018-04-24 06:21:08 | [INFO]    | Authenticated as The People's Bot#2046
2018-04-24 06:21:08 | [INFO]    | Launching shard 0 (1 out of 1)...
2018-04-24 06:21:09 | [INFO]    | Shard 0 : Connected to wss://gateway.discord.gg
2018-04-24 06:21:09 | [INFO]    | Shard 0 : Received HELLO (gateway-prd-main-td55)
2018-04-24 06:21:09 | [INFO]    | Shard 0 : Received READY (gateway-prd-main-td55, discord-sessions-prd-1-14)
2018-04-24 06:21:17 | [ERROR]   | 400 - BAD REQUEST : POST https://discordapp.com/api/v7/channels/438286329365921795/messages
2018-04-24 06:21:37 | [INFO]    | Discordia 2.2.0
2018-04-24 06:21:37 | [INFO]    | Connecting to Discord...
2018-04-24 06:21:37 | [INFO]    | Authenticated as The People's Bot#2046
2018-04-24 06:21:37 | [INFO]    | Launching shard 0 (1 out of 1)...
2018-04-24 06:21:38 | [INFO]    | Shard 0 : Connected to wss://gateway.discord.gg
2018-04-24 06:21:38 | [INFO]    | Shard 0 : Received HELLO (gateway-prd-main-06lr)
2018-04-24 06:21:38 | [INFO]    | Shard 0 : Received READY (gateway-prd-main-06lr, discord-sessions-prd-1-1)
2018-04-24 06:21:41 | [ERROR]   | 400 - BAD REQUEST : POST https://discordapp.com/api/v7/channels/438286329365921795/messages
2018-04-24 06:25:27 | [INFO]    | Discordia 2.2.0
2018-04-24 06:25:27 | [INFO]    | Connecting to Discord...
2018-04-24 06:25:28 | [INFO]    | Authenticated as The People's Bot#2046
2018-04-24 06:25:28 | [INFO]    | Launching shard 0 (1 out of 1)...
2018-04-24 06:25:28 | [INFO]    | Shard 0 : Connected to wss://gateway.discord.gg
2018-04-24 06:25:28 | [INFO]    | Shard 0 : Received HELLO (gateway-prd-main-l3r0)
2018-04-24 06:25:28 | [INFO]    | Shard 0 : Received READY (gateway-prd-main-l3r0, discord-sessions-prd-1-20)
2018-04-24 06:25:54 | [INFO]    | Discordia 2.2.0
2018-04-24 06:25:54 | [INFO]    | Connecting to Discord...
2018-04-24 06:25:54 | [INFO]    | Authenticated as The People's Bot#2046
2018-04-24 06:25:54 | [INFO]    | Launching shard 0 (1 out of 1)...
2018-04-24 06:25:55 | [INFO]    | Shard 0 : Connected to wss://gateway.discord.gg
2018-04-24 06:25:55 | [INFO]    | Shard 0 : Received HELLO (gateway-prd-main-01t7)
2018-04-24 06:25:55 | [INFO]    | Shard 0 : Received READY (gateway-prd-main-01t7, discord-sessions-prd-1-19)
2018-04-24 06:26:43 | [INFO]    | Discordia 2.2.0
2018-04-24 06:26:43 | [INFO]    | Connecting to Discord...
2018-04-24 06:26:43 | [INFO]    | Authenticated as The People's Bot#2046
2018-04-24 06:26:43 | [INFO]    | Launching shard 0 (1 out of 1)...
2018-04-24 06:26:43 | [INFO]    | Shard 0 : Connected to wss://gateway.discord.gg
2018-04-24 06:26:43 | [INFO]    | Shard 0 : Received HELLO (gateway-prd-main-6m0b)
2018-04-24 06:26:44 | [INFO]    | Shard 0 : Received READY (gateway-prd-main-6m0b, discord-sessions-prd-1-18)
2018-04-24 06:35:30 | [INFO]    | Discordia 2.2.0
2018-04-24 06:35:30 | [INFO]    | Connecting to Discord...
2018-04-24 06:35:31 | [INFO]    | Authenticated as The People's Bot#2046
2018-04-24 06:35:31 | [INFO]    | Launching shard 0 (1 out of 1)...
2018-04-24 06:35:32 | [INFO]    | Shard 0 : Connected to wss://gateway.discord.gg
2018-04-24 06:35:32 | [INFO]    | Shard 0 : Received HELLO (gateway-prd-main-95vt)
2018-04-24 06:35:32 | [INFO]    | Shard 0 : Received READY (gateway-prd-main-95vt, discord-sessions-prd-1-5)
2018-04-24 06:35:48 | [ERROR]   | 400 - BAD REQUEST : POST https://discordapp.com/api/v7/channels/438286329365921795/messages
2018-04-24 06:40:06 | [INFO]    | Discordia 2.2.0
2018-04-24 06:40:06 | [INFO]    | Connecting to Discord...
2018-04-24 06:40:06 | [INFO]    | Authenticated as The People's Bot#2046
2018-04-24 06:40:06 | [INFO]    | Launching shard 0 (1 out of 1)...
2018-04-24 06:40:07 | [INFO]    | Shard 0 : Connected to wss://gateway.discord.gg
2018-04-24 06:40:07 | [INFO]    | Shard 0 : Received HELLO (gateway-prd-main-3jq1)
2018-04-24 06:40:07 | [INFO]    | Shard 0 : Received READY (gateway-prd-main-3jq1, discord-sessions-prd-1-6)
2018-04-24 08:31:50 | [INFO]    | Discordia 2.2.0
2018-04-24 08:31:50 | [INFO]    | Connecting to Discord...
2018-04-24 08:31:50 | [INFO]    | Authenticated as The People's Bot#2046
2018-04-24 08:31:50 | [INFO]    | Launching shard 0 (1 out of 1)...
2018-04-24 08:31:50 | [INFO]    | Shard 0 : Connected to wss://gateway.discord.gg
2018-04-24 08:31:50 | [INFO]    | Shard 0 : Received HELLO (gateway-prd-main-gngd)
2018-04-24 08:31:51 | [INFO]    | Shard 0 : Received READY (gateway-prd-main-gngd, discord-sessions-prd-1-14)
2018-04-24 08:32:05 | [INFO]    | Discordia 2.2.0
2018-04-24 08:32:05 | [INFO]    | Connecting to Discord...
2018-04-24 08:32:05 | [INFO]    | Authenticated as The People's Bot#2046
2018-04-24 08:32:05 | [INFO]    | Launching shard 0 (1 out of 1)...
2018-04-24 08:32:05 | [INFO]    | Shard 0 : Connected to wss://gateway.discord.gg
2018-04-24 08:32:05 | [INFO]    | Shard 0 : Received HELLO (gateway-prd-main-96w0)
2018-04-24 08:32:05 | [INFO]    | Shard 0 : Received READY (gateway-prd-main-96w0, discord-sessions-prd-1-12)
2018-04-24 09:49:32 | [INFO]    | Discordia 2.2.0
2018-04-24 09:49:32 | [INFO]    | Connecting to Discord...
2018-04-24 09:49:33 | [INFO]    | Authenticated as The People's Bot#2046
2018-04-24 09:49:33 | [INFO]    | Launching shard 0 (1 out of 1)...
2018-04-24 09:49:33 | [INFO]    | Shard 0 : Connected to wss://gateway.discord.gg
2018-04-24 09:49:33 | [INFO]    | Shard 0 : Received HELLO (gateway-prd-main-72ph)
2018-04-24 09:49:33 | [INFO]    | Shard 0 : Received READY (gateway-prd-main-72ph, discord-sessions-prd-1-7)
2018-04-24 09:53:54 | [INFO]    | Discordia 2.2.0
2018-04-24 09:53:54 | [INFO]    | Connecting to Discord...
2018-04-24 09:53:54 | [INFO]    | Authenticated as The People's Bot#2046
2018-04-24 09:53:54 | [INFO]    | Launching shard 0 (1 out of 1)...
2018-04-24 09:53:54 | [INFO]    | Shard 0 : Connected to wss://gateway.discord.gg
2018-04-24 09:53:54 | [INFO]    | Shard 0 : Received HELLO (gateway-prd-main-wv81)
2018-04-24 09:53:54 | [INFO]    | Shard 0 : Received READY (gateway-prd-main-wv81, discord-sessions-prd-1-18)
2018-04-24 09:56:39 | [INFO]    | Discordia 2.2.0
2018-04-24 09:56:39 | [INFO]    | Connecting to Discord...
2018-04-24 09:56:40 | [INFO]    | Authenticated as The People's Bot#2046
2018-04-24 09:56:40 | [INFO]    | Launching shard 0 (1 out of 1)...
2018-04-24 09:56:40 | [INFO]    | Shard 0 : Connected to wss://gateway.discord.gg
2018-04-24 09:56:40 | [INFO]    | Shard 0 : Received HELLO (gateway-prd-main-7gxn)
2018-04-24 09:56:40 | [INFO]    | Shard 0 : Received READY (gateway-prd-main-7gxn, discord-sessions-prd-1-7)
2018-04-24 09:57:49 | [INFO]    | Discordia 2.2.0
2018-04-24 09:57:49 | [INFO]    | Connecting to Discord...
2018-04-24 09:57:49 | [INFO]    | Authenticated as The People's Bot#2046
2018-04-24 09:57:49 | [INFO]    | Launching shard 0 (1 out of 1)...
2018-04-24 09:57:49 | [INFO]    | Shard 0 : Connected to wss://gateway.discord.gg
2018-04-24 09:57:49 | [INFO]    | Shard 0 : Received HELLO (gateway-prd-main-gb45)
2018-04-24 09:57:49 | [INFO]    | Shard 0 : Received READY (gateway-prd-main-gb45, discord-sessions-prd-1-12)
2018-04-24 09:58:23 | [INFO]    | Discordia 2.2.0
2018-04-24 09:58:23 | [INFO]    | Connecting to Discord...
2018-04-24 09:58:23 | [INFO]    | Authenticated as The People's Bot#2046
2018-04-24 09:58:23 | [INFO]    | Launching shard 0 (1 out of 1)...
2018-04-24 09:58:23 | [INFO]    | Shard 0 : Connected to wss://gateway.discord.gg
2018-04-24 09:58:23 | [INFO]    | Shard 0 : Received HELLO (gateway-prd-main-qrzk)
2018-04-24 09:58:24 | [INFO]    | Shard 0 : Received READY (gateway-prd-main-qrzk, discord-sessions-prd-1-1)
2018-04-24 09:58:35 | [INFO]    | Discordia 2.2.0
2018-04-24 09:58:35 | [INFO]    | Connecting to Discord...
2018-04-24 09:58:35 | [INFO]    | Authenticated as The People's Bot#2046
2018-04-24 09:58:35 | [INFO]    | Launching shard 0 (1 out of 1)...
2018-04-24 09:58:35 | [INFO]    | Shard 0 : Connected to wss://gateway.discord.gg
2018-04-24 09:58:35 | [INFO]    | Shard 0 : Received HELLO (gateway-prd-main-dlcf)
2018-04-24 09:58:36 | [INFO]    | Shard 0 : Received READY (gateway-prd-main-dlcf, discord-sessions-prd-1-17)
2018-04-24 09:59:03 | [INFO]    | Discordia 2.2.0
2018-04-24 09:59:03 | [INFO]    | Connecting to Discord...
2018-04-24 09:59:04 | [INFO]    | Authenticated as The People's Bot#2046
2018-04-24 09:59:04 | [INFO]    | Launching shard 0 (1 out of 1)...
2018-04-24 09:59:04 | [INFO]    | Shard 0 : Connected to wss://gateway.discord.gg
2018-04-24 09:59:04 | [INFO]    | Shard 0 : Received HELLO (gateway-prd-main-83qw)
2018-04-24 09:59:04 | [INFO]    | Shard 0 : Received READY (gateway-prd-main-83qw, discord-sessions-prd-1-6)
2018-04-24 09:59:26 | [INFO]    | Discordia 2.2.0
2018-04-24 09:59:26 | [INFO]    | Connecting to Discord...
2018-04-24 09:59:27 | [INFO]    | Authenticated as The People's Bot#2046
2018-04-24 09:59:27 | [INFO]    | Launching shard 0 (1 out of 1)...
2018-04-24 09:59:27 | [INFO]    | Shard 0 : Connected to wss://gateway.discord.gg
2018-04-24 09:59:27 | [INFO]    | Shard 0 : Received HELLO (gateway-prd-main-6m0b)
2018-04-24 09:59:27 | [INFO]    | Shard 0 : Received READY (gateway-prd-main-6m0b, discord-sessions-prd-1-20)
2018-04-24 10:00:33 | [INFO]    | Discordia 2.2.0
2018-04-24 10:00:33 | [INFO]    | Connecting to Discord...
2018-04-24 10:00:33 | [INFO]    | Authenticated as The People's Bot#2046
2018-04-24 10:00:33 | [INFO]    | Launching shard 0 (1 out of 1)...
2018-04-24 10:00:33 | [INFO]    | Shard 0 : Connected to wss://gateway.discord.gg
2018-04-24 10:00:33 | [INFO]    | Shard 0 : Received HELLO (gateway-prd-main-8d8b)
2018-04-24 10:00:33 | [INFO]    | Shard 0 : Received READY (gateway-prd-main-8d8b, discord-sessions-prd-1-3)
2018-04-24 10:02:50 | [INFO]    | Discordia 2.2.0
2018-04-24 10:02:50 | [INFO]    | Connecting to Discord...
2018-04-24 10:02:50 | [INFO]    | Authenticated as The People's Bot#2046
2018-04-24 10:02:50 | [INFO]    | Launching shard 0 (1 out of 1)...
2018-04-24 10:02:50 | [INFO]    | Shard 0 : Connected to wss://gateway.discord.gg
2018-04-24 10:02:50 | [INFO]    | Shard 0 : Received HELLO (gateway-prd-main-pwt8)
2018-04-24 10:02:50 | [INFO]    | Shard 0 : Received READY (gateway-prd-main-pwt8, discord-sessions-prd-1-12)
2018-04-24 10:03:50 | [INFO]    | Discordia 2.2.0
2018-04-24 10:03:50 | [INFO]    | Connecting to Discord...
2018-04-24 10:03:50 | [INFO]    | Authenticated as The People's Bot#2046
2018-04-24 10:03:50 | [INFO]    | Launching shard 0 (1 out of 1)...
2018-04-24 10:03:51 | [INFO]    | Shard 0 : Connected to wss://gateway.discord.gg
2018-04-24 10:03:51 | [INFO]    | Shard 0 : Received HELLO (gateway-prd-main-72ph)
2018-04-24 10:03:51 | [INFO]    | Shard 0 : Received READY (gateway-prd-main-72ph, discord-sessions-prd-1-17)
2018-04-24 10:10:47 | [INFO]    | Discordia 2.2.0
2018-04-24 10:10:47 | [INFO]    | Connecting to Discord...
2018-04-24 10:10:47 | [INFO]    | Authenticated as The People's Bot#2046
2018-04-24 10:10:47 | [INFO]    | Launching shard 0 (1 out of 1)...
2018-04-24 10:10:48 | [INFO]    | Shard 0 : Connected to wss://gateway.discord.gg
2018-04-24 10:10:48 | [INFO]    | Shard 0 : Received HELLO (gateway-prd-main-r6l6)
2018-04-24 10:10:48 | [INFO]    | Shard 0 : Received READY (gateway-prd-main-r6l6, discord-sessions-prd-1-20)
2018-04-24 10:11:28 | [INFO]    | Discordia 2.2.0
2018-04-24 10:11:28 | [INFO]    | Connecting to Discord...
2018-04-24 10:11:28 | [INFO]    | Authenticated as The People's Bot#2046
2018-04-24 10:11:28 | [INFO]    | Launching shard 0 (1 out of 1)...
2018-04-24 10:11:29 | [INFO]    | Shard 0 : Connected to wss://gateway.discord.gg
2018-04-24 10:11:29 | [INFO]    | Shard 0 : Received HELLO (gateway-prd-main-cbl7)
2018-04-24 10:11:29 | [INFO]    | Shard 0 : Received READY (gateway-prd-main-cbl7, discord-sessions-prd-1-1)
2018-04-24 10:11:35 | [INFO]    | Discordia 2.2.0
2018-04-24 10:11:35 | [INFO]    | Connecting to Discord...
2018-04-24 10:11:36 | [INFO]    | Authenticated as The People's Bot#2046
2018-04-24 10:11:36 | [INFO]    | Launching shard 0 (1 out of 1)...
2018-04-24 10:11:36 | [INFO]    | Shard 0 : Connected to wss://gateway.discord.gg
2018-04-24 10:11:36 | [INFO]    | Shard 0 : Received HELLO (gateway-prd-main-td55)
2018-04-24 10:11:36 | [INFO]    | Shard 0 : Received READY (gateway-prd-main-td55, discord-sessions-prd-1-13)
2018-04-24 10:15:58 | [INFO]    | Discordia 2.2.0
2018-04-24 10:15:58 | [INFO]    | Connecting to Discord...
2018-04-24 10:15:58 | [INFO]    | Authenticated as The People's Bot#2046
2018-04-24 10:15:58 | [INFO]    | Launching shard 0 (1 out of 1)...
2018-04-24 10:15:58 | [INFO]    | Shard 0 : Connected to wss://gateway.discord.gg
2018-04-24 10:15:58 | [INFO]    | Shard 0 : Received HELLO (gateway-prd-main-3jq1)
2018-04-24 10:15:58 | [INFO]    | Shard 0 : Received READY (gateway-prd-main-3jq1, discord-sessions-prd-1-2)
2018-04-24 10:18:02 | [INFO]    | Discordia 2.2.0
2018-04-24 10:18:02 | [INFO]    | Connecting to Discord...
2018-04-24 10:18:02 | [INFO]    | Authenticated as The People's Bot#2046
2018-04-24 10:18:02 | [INFO]    | Launching shard 0 (1 out of 1)...
2018-04-24 10:18:03 | [INFO]    | Shard 0 : Connected to wss://gateway.discord.gg
2018-04-24 10:18:03 | [INFO]    | Shard 0 : Received HELLO (gateway-prd-main-06lr)
2018-04-24 10:18:03 | [INFO]    | Shard 0 : Received READY (gateway-prd-main-06lr, discord-sessions-prd-1-16)
2018-04-24 10:19:20 | [INFO]    | Discordia 2.2.0
2018-04-24 10:19:20 | [INFO]    | Connecting to Discord...
2018-04-24 10:19:20 | [INFO]    | Authenticated as The People's Bot#2046
2018-04-24 10:19:20 | [INFO]    | Launching shard 0 (1 out of 1)...
2018-04-24 10:19:20 | [INFO]    | Shard 0 : Connected to wss://gateway.discord.gg
2018-04-24 10:19:20 | [INFO]    | Shard 0 : Received HELLO (gateway-prd-main-gb45)
2018-04-24 10:19:21 | [INFO]    | Shard 0 : Received READY (gateway-prd-main-gb45, discord-sessions-prd-1-15)
2018-04-24 10:20:45 | [INFO]    | Discordia 2.2.0
2018-04-24 10:20:45 | [INFO]    | Connecting to Discord...
2018-04-24 10:20:45 | [INFO]    | Authenticated as The People's Bot#2046
2018-04-24 10:20:45 | [INFO]    | Launching shard 0 (1 out of 1)...
2018-04-24 10:20:45 | [INFO]    | Shard 0 : Connected to wss://gateway.discord.gg
2018-04-24 10:20:45 | [INFO]    | Shard 0 : Received HELLO (gateway-prd-main-kp9r)
2018-04-24 10:20:46 | [INFO]    | Shard 0 : Received READY (gateway-prd-main-kp9r, discord-sessions-prd-1-11)
2018-04-24 10:21:53 | [INFO]    | Discordia 2.2.0
2018-04-24 10:21:53 | [INFO]    | Connecting to Discord...
2018-04-24 10:21:53 | [INFO]    | Authenticated as The People's Bot#2046
2018-04-24 10:21:53 | [INFO]    | Launching shard 0 (1 out of 1)...
2018-04-24 10:21:53 | [INFO]    | Shard 0 : Connected to wss://gateway.discord.gg
2018-04-24 10:21:53 | [INFO]    | Shard 0 : Received HELLO (gateway-prd-main-cbl7)
2018-04-24 10:21:54 | [INFO]    | Shard 0 : Received READY (gateway-prd-main-cbl7, discord-sessions-prd-1-4)
2018-04-24 10:27:44 | [INFO]    | Discordia 2.2.0
2018-04-24 10:27:44 | [INFO]    | Connecting to Discord...
2018-04-24 10:27:44 | [INFO]    | Authenticated as The People's Bot#2046
2018-04-24 10:27:44 | [INFO]    | Launching shard 0 (1 out of 1)...
2018-04-24 10:27:44 | [INFO]    | Shard 0 : Connected to wss://gateway.discord.gg
2018-04-24 10:27:44 | [INFO]    | Shard 0 : Received HELLO (gateway-prd-main-bdj3)
2018-04-24 10:27:45 | [INFO]    | Shard 0 : Received READY (gateway-prd-main-bdj3, discord-sessions-prd-1-6)
2018-04-24 10:28:28 | [INFO]    | Discordia 2.2.0
2018-04-24 10:28:28 | [INFO]    | Connecting to Discord...
2018-04-24 10:28:28 | [INFO]    | Authenticated as The People's Bot#2046
2018-04-24 10:28:28 | [INFO]    | Launching shard 0 (1 out of 1)...
2018-04-24 10:28:29 | [INFO]    | Shard 0 : Connected to wss://gateway.discord.gg
2018-04-24 10:28:29 | [INFO]    | Shard 0 : Received HELLO (gateway-prd-main-qrq5)
2018-04-24 10:28:29 | [INFO]    | Shard 0 : Received READY (gateway-prd-main-qrq5, discord-sessions-prd-1-2)
